2020-06-04 13:39:23,486 INFO  [Log] Browser open 
2020-06-04 13:39:27,466 INFO  [Log] Got Title 
2020-06-04 13:39:32,843 INFO  [Log] Login Sucessfull 
2020-06-04 13:39:41,621 INFO  [Log] logout sucessful 
2020-06-04 13:39:41,693 INFO  [Log] close browser 
2020-06-05 03:05:18,271 INFO  [Log] Browser open 
2020-06-05 03:05:21,514 INFO  [Log] Got Title 
2020-06-05 03:05:26,928 INFO  [Log] Login Sucessfull 
2020-06-05 03:05:34,235 INFO  [Log] logout sucessful 
2020-06-05 03:05:34,354 INFO  [Log] close browser 
2020-06-05 03:05:37,119 INFO  [Log] Browser open 
2020-06-05 03:05:40,314 INFO  [Log] Got Title 
2020-06-05 03:05:45,751 INFO  [Log] Login Sucessfull 
2020-06-05 03:05:56,063 INFO  [Log] new empolyee add 
2020-06-05 03:06:06,811 INFO  [Log] logout sucessful 
2020-06-05 03:06:07,130 INFO  [Log] close browser 
2020-06-05 19:56:59,560 INFO  [Log] Browser open 
2020-06-05 19:57:03,271 INFO  [Log] Got Title 
2020-06-05 19:57:07,140 INFO  [Log] Login Sucessfull 
2020-06-05 19:57:14,509 INFO  [Log] logout sucessful 
2020-06-05 19:57:14,806 INFO  [Log] close browser 
2020-06-05 19:57:17,503 INFO  [Log] Browser open 
2020-06-05 19:57:23,090 INFO  [Log] Got Title 
2020-06-05 19:57:29,093 INFO  [Log] Login Sucessfull 
2020-06-05 19:57:39,618 INFO  [Log] new empolyee add 
2020-06-05 19:57:50,435 INFO  [Log] logout sucessful 
2020-06-05 19:57:50,703 INFO  [Log] close browser 
